[debug] [2025-05-31T17:49:04.378Z] ----------------------------------------------------------------------
[debug] [2025-05-31T17:49:04.383Z] Command:       C:\Program Files\nodejs\node.exe C:\Users\rverm\AppData\Roaming\npm\node_modules\firebase-tools\lib\bin\firebase.js init
[debug] [2025-05-31T17:49:04.384Z] CLI Version:   14.5.1
[debug] [2025-05-31T17:49:04.384Z] Platform:      win32
[debug] [2025-05-31T17:49:04.384Z] Node Version:  v22.15.0
[debug] [2025-05-31T17:49:04.384Z] Time:          Sat May 31 2025 23:19:04 GMT+0530 (India Standard Time)
[debug] [2025-05-31T17:49:04.384Z] ----------------------------------------------------------------------
[debug] 
[debug] [2025-05-31T17:49:04.388Z] >>> [apiv2][query] GET https://firebase-public.firebaseio.com/cli.json [none]
[debug] [2025-05-31T17:49:04.449Z] > command requires scopes: ["email","openid","https://www.googleapis.com/auth/cloudplatformprojects.readonly","https://www.googleapis.com/auth/firebase","https://www.googleapis.com/auth/cloud-platform"]
[debug] [2025-05-31T17:49:04.450Z] > authorizing via signed-in user (rverma964881@gmail.com)
[info] 
     ######## #### ########  ######## ########     ###     ######  ########
     ##        ##  ##     ## ##       ##     ##  ##   ##  ##       ##
     ######    ##  ########  ######   ########  #########  ######  ######
     ##        ##  ##    ##  ##       ##     ## ##     ##       ## ##
     ##       #### ##     ## ######## ########  ##     ##  ######  ########

You're about to initialize a Firebase project in this directory:

  C:\Users\rverm\Downloads\flight-reservation-management-system-main\flight-reservation-management-system-main\frontend

[debug] [2025-05-31T17:49:05.128Z] <<< [apiv2][status] GET https://firebase-public.firebaseio.com/cli.json 200
[debug] [2025-05-31T17:49:05.128Z] <<< [apiv2][body] GET https://firebase-public.firebaseio.com/cli.json {"cloudBuildErrorAfter":1594252800000,"cloudBuildWarnAfter":1590019200000,"defaultNode10After":1594252800000,"minVersion":"3.0.5","node8DeploysDisabledAfter":1613390400000,"node8RuntimeDisabledAfter":1615809600000,"node8WarnAfter":1600128000000}
